  Animation.cpp
C:\CatAngler\CatAngler\Animation.cpp(12,59): warning C4244: 'argument': conversion from 'float' to 'int', possible loss of data
C:\CatAngler\CatAngler\Animation.cpp(12,56): warning C4244: 'argument': conversion from 'float' to 'int', possible loss of data
  Camera.cpp
C:\CatAngler\CatAngler\Camera.cpp(13,35): warning C4244: '=': conversion from 'float' to 'int', possible loss of data
C:\CatAngler\CatAngler\Camera.cpp(14,35): warning C4244: '=': conversion from 'float' to 'int', possible loss of data
C:\CatAngler\CatAngler\Camera.cpp(32,53): warning C4244: 'argument': conversion from 'int' to 'float', possible loss of data
C:\CatAngler\CatAngler\Camera.cpp(32,40): warning C4244: 'argument': conversion from 'int' to 'float', possible loss of data
  Cat.cpp
C:\CatAngler\CatAngler\Character.h(2,1): warning C4067: unexpected tokens following preprocessor directive - expected a newline
C:\CatAngler\CatAngler\GameObject.h(19,8): warning C4244: '=': conversion from 'int' to 'float', possible loss of data
C:\CatAngler\CatAngler\GameObject.h(20,8): warning C4244: '=': conversion from 'int' to 'float', possible loss of data
C:\CatAngler\CatAngler\Cat.h(1,1): warning C4067: unexpected tokens following preprocessor directive - expected a newline
C:\CatAngler\CatAngler\Cat.h(10,1): warning C4005: 'SPEED': macro redefinition
C:\CatAngler\CatAngler\Enemy.h(10,1): message : see previous definition of 'SPEED'
C:\CatAngler\CatAngler\Cat.cpp(17,6): warning C4101: 'xPos': unreferenced local variable
C:\CatAngler\CatAngler\Cat.cpp(41,23): warning C4244: 'return': conversion from 'float' to 'int', possible loss of data
C:\CatAngler\CatAngler\Cat.cpp(48,15): warning C4244: 'return': conversion from 'float' to 'int', possible loss of data
C:\CatAngler\CatAngler\Cat.cpp(53,20): warning C4244: 'return': conversion from 'float' to 'int', possible loss of data
C:\CatAngler\CatAngler\Cat.cpp(58,20): warning C4244: 'return': conversion from 'float' to 'int', possible loss of data
C:\CatAngler\CatAngler\Cat.cpp(73,84): warning C4244: 'argument': conversion from 'float' to 'int', possible loss of data
C:\CatAngler\CatAngler\Cat.cpp(73,64): warning C4244: 'argument': conversion from 'float' to 'int', possible loss of data
C:\CatAngler\CatAngler\Cat.cpp(79,72): warning C4244: 'argument': conversion from 'float' to 'int', possible loss of data
C:\CatAngler\CatAngler\Cat.cpp(79,56): warning C4244: 'argument': conversion from 'float' to 'int', possible loss of data
C:\CatAngler\CatAngler\Cat.cpp(92,33): warning C4244: 'argument': conversion from 'float' to 'int', possible loss of data
C:\CatAngler\CatAngler\Cat.cpp(92,26): warning C4244: 'argument': conversion from 'float' to 'int', possible loss of data
C:\CatAngler\CatAngler\Cat.cpp(95,47): warning C4244: 'argument': conversion from 'float' to 'int', possible loss of data
C:\CatAngler\CatAngler\Cat.cpp(95,37): warning C4244: 'argument': conversion from 'float' to 'int', possible loss of data
C:\CatAngler\CatAngler\Cat.cpp(99,40): warning C4838: conversion from 'double' to 'int' requires a narrowing conversion
C:\CatAngler\CatAngler\Cat.cpp(99,40): warning C4244: 'initializing': conversion from 'double' to 'int', possible loss of data
C:\CatAngler\CatAngler\Cat.cpp(102,70): warning C4244: 'argument': conversion from 'float' to 'int', possible loss of data
C:\CatAngler\CatAngler\Cat.cpp(102,57): warning C4244: 'argument': conversion from 'float' to 'int', possible loss of data
C:\CatAngler\CatAngler\Cat.cpp(104,65): warning C4244: 'argument': conversion from 'float' to 'int', possible loss of data
C:\CatAngler\CatAngler\Cat.cpp(104,53): warning C4244: 'argument': conversion from 'float' to 'int', possible loss of data
C:\CatAngler\CatAngler\Cat.cpp(105,64): warning C4244: 'argument': conversion from 'float' to 'int', possible loss of data
C:\CatAngler\CatAngler\Cat.cpp(105,52): warning C4244: 'argument': conversion from 'float' to 'int', possible loss of data
C:\CatAngler\CatAngler\Cat.cpp(109,80): warning C4244: 'argument': conversion from 'float' to 'int', possible loss of data
C:\CatAngler\CatAngler\Cat.cpp(109,67): warning C4244: 'argument': conversion from 'float' to 'int', possible loss of data
C:\CatAngler\CatAngler\Cat.cpp(197,45): warning C4244: 'argument': conversion from 'float' to 'int', possible loss of data
C:\CatAngler\CatAngler\Cat.cpp(197,29): warning C4244: 'argument': conversion from 'float' to 'int', possible loss of data
C:\CatAngler\CatAngler\Cat.cpp(205,45): warning C4244: 'argument': conversion from 'float' to 'int', possible loss of data
C:\CatAngler\CatAngler\Cat.cpp(205,29): warning C4244: 'argument': conversion from 'float' to 'int', possible loss of data
C:\CatAngler\CatAngler\Cat.cpp(220,54): warning C4244: 'argument': conversion from 'float' to 'int', possible loss of data
C:\CatAngler\CatAngler\Cat.cpp(220,38): warning C4244: 'argument': conversion from 'float' to 'int', possible loss of data
C:\CatAngler\CatAngler\Cat.cpp(242,93): warning C4244: 'argument': conversion from 'float' to 'int', possible loss of data
C:\CatAngler\CatAngler\Cat.cpp(242,76): warning C4244: 'argument': conversion from 'float' to 'int', possible loss of data
  Collider.cpp
  CollisionHandler.cpp
  Enemy.cpp
C:\CatAngler\CatAngler\Character.h(2,1): warning C4067: unexpected tokens following preprocessor directive - expected a newline
C:\CatAngler\CatAngler\GameObject.h(19,8): warning C4244: '=': conversion from 'int' to 'float', possible loss of data
C:\CatAngler\CatAngler\GameObject.h(20,8): warning C4244: '=': conversion from 'int' to 'float', possible loss of data
C:\CatAngler\CatAngler\Enemy.cpp(52,12): warning C4244: 'initializing': conversion from 'float' to 'int', possible loss of data
C:\CatAngler\CatAngler\Enemy.cpp(53,12): warning C4244: 'initializing': conversion from 'float' to 'int', possible loss of data
C:\CatAngler\CatAngler\Enemy.cpp(94,45): warning C4244: 'argument': conversion from 'float' to 'int', possible loss of data
C:\CatAngler\CatAngler\Enemy.cpp(94,29): warning C4244: 'argument': conversion from 'float' to 'int', possible loss of data
C:\CatAngler\CatAngler\Enemy.cpp(96,20): warning C4244: '=': conversion from 'int' to 'float', possible loss of data
C:\CatAngler\CatAngler\Enemy.cpp(99,45): warning C4244: 'argument': conversion from 'float' to 'int', possible loss of data
C:\CatAngler\CatAngler\Enemy.cpp(99,29): warning C4244: 'argument': conversion from 'float' to 'int', possible loss of data
C:\CatAngler\CatAngler\Enemy.cpp(101,20): warning C4244: '=': conversion from 'int' to 'float', possible loss of data
C:\CatAngler\CatAngler\Enemy.cpp(104,45): warning C4244: 'argument': conversion from 'float' to 'int', possible loss of data
C:\CatAngler\CatAngler\Enemy.cpp(104,29): warning C4244: 'argument': conversion from 'float' to 'int', possible loss of data
C:\CatAngler\CatAngler\Enemy.cpp(111,20): warning C4244: '=': conversion from 'int' to 'float', possible loss of data
C:\CatAngler\CatAngler\Enemy.cpp(112,20): warning C4244: '=': conversion from 'int' to 'float', possible loss of data
  Engine.cpp
C:\CatAngler\CatAngler\Character.h(2,1): warning C4067: unexpected tokens following preprocessor directive - expected a newline
C:\CatAngler\CatAngler\GameObject.h(19,8): warning C4244: '=': conversion from 'int' to 'float', possible loss of data
C:\CatAngler\CatAngler\GameObject.h(20,8): warning C4244: '=': conversion from 'int' to 'float', possible loss of data
C:\CatAngler\CatAngler\Cat.h(1,1): warning C4067: unexpected tokens following preprocessor directive - expected a newline
C:\CatAngler\CatAngler\Cat.h(10,1): warning C4005: 'SPEED': macro redefinition
C:\CatAngler\CatAngler\Enemy.h(10,1): message : see previous definition of 'SPEED'
C:\CatAngler\CatAngler\Engine.cpp(112,12): warning C4101: 'event': unreferenced local variable
  Fish.cpp
C:\CatAngler\CatAngler\Character.h(2,1): warning C4067: unexpected tokens following preprocessor directive - expected a newline
C:\CatAngler\CatAngler\GameObject.h(19,8): warning C4244: '=': conversion from 'int' to 'float', possible loss of data
C:\CatAngler\CatAngler\GameObject.h(20,8): warning C4244: '=': conversion from 'int' to 'float', possible loss of data
  FishingManager.cpp
C:\CatAngler\CatAngler\Character.h(2,1): warning C4067: unexpected tokens following preprocessor directive - expected a newline
C:\CatAngler\CatAngler\GameObject.h(19,8): warning C4244: '=': conversion from 'int' to 'float', possible loss of data
C:\CatAngler\CatAngler\GameObject.h(20,8): warning C4244: '=': conversion from 'int' to 'float', possible loss of data
C:\CatAngler\CatAngler\FishingManager.cpp(63,76): warning C4244: 'argument': conversion from 'float' to 'int', possible loss of data
C:\CatAngler\CatAngler\FishingManager.cpp(75,15): warning C4244: 'argument': conversion from 'time_t' to 'unsigned int', possible loss of data
  FishingRod.cpp
C:\CatAngler\CatAngler\Character.h(2,1): warning C4067: unexpected tokens following preprocessor directive - expected a newline
C:\CatAngler\CatAngler\GameObject.h(19,8): warning C4244: '=': conversion from 'int' to 'float', possible loss of data
C:\CatAngler\CatAngler\GameObject.h(20,8): warning C4244: '=': conversion from 'int' to 'float', possible loss of data
C:\CatAngler\CatAngler\Cat.h(1,1): warning C4067: unexpected tokens following preprocessor directive - expected a newline
C:\CatAngler\CatAngler\Cat.h(10,1): warning C4005: 'SPEED': macro redefinition
C:\CatAngler\CatAngler\Enemy.h(10,1): message : see previous definition of 'SPEED'
C:\CatAngler\CatAngler\FishingRod.cpp(35,24): warning C4244: '=': conversion from 'int' to 'float', possible loss of data
C:\CatAngler\CatAngler\FishingRod.cpp(36,24): warning C4244: '=': conversion from 'int' to 'float', possible loss of data
C:\CatAngler\CatAngler\FishingRod.cpp(38,44): warning C4305: '+=': truncation from 'double' to 'float'
C:\CatAngler\CatAngler\FishingRod.cpp(41,57): warning C4244: 'argument': conversion from 'float' to 'int', possible loss of data
C:\CatAngler\CatAngler\FishingRod.cpp(41,54): warning C4244: 'argument': conversion from 'float' to 'int', possible loss of data
C:\CatAngler\CatAngler\FishingRod.cpp(90,23): warning C4244: '=': conversion from 'int' to 'float', possible loss of data
C:\CatAngler\CatAngler\FishingRod.cpp(91,23): warning C4244: '=': conversion from 'int' to 'float', possible loss of data
C:\CatAngler\CatAngler\FishingRod.cpp(94,34): warning C4244: 'initializing': conversion from 'double' to 'float', possible loss of data
C:\CatAngler\CatAngler\FishingRod.cpp(94,28): warning C4244: 'initializing': conversion from 'double' to 'const float', possible loss of data
C:\CatAngler\CatAngler\FishingRod.cpp(102,64): warning C4244: 'argument': conversion from 'float' to 'int', possible loss of data
C:\CatAngler\CatAngler\FishingRod.cpp(102,54): warning C4244: 'argument': conversion from 'float' to 'int', possible loss of data
C:\CatAngler\CatAngler\FishingRod.cpp(119,13): warning C4244: 'initializing': conversion from 'int' to 'float', possible loss of data
C:\CatAngler\CatAngler\FishingRod.cpp(123,34): warning C4244: 'initializing': conversion from 'double' to 'float', possible loss of data
C:\CatAngler\CatAngler\FishingRod.cpp(123,28): warning C4244: 'initializing': conversion from 'double' to 'const float', possible loss of data
C:\CatAngler\CatAngler\FishingRod.cpp(131,64): warning C4244: 'argument': conversion from 'float' to 'int', possible loss of data
C:\CatAngler\CatAngler\FishingRod.cpp(131,54): warning C4244: 'argument': conversion from 'float' to 'int', possible loss of data
C:\CatAngler\CatAngler\FishingRod.cpp(141,15): warning C4244: 'argument': conversion from 'time_t' to 'unsigned int', possible loss of data
C:\CatAngler\CatAngler\FishingRod.cpp(264,70): warning C4018: '>': signed/unsigned mismatch
  Food.cpp
C:\CatAngler\CatAngler\Character.h(2,1): warning C4067: unexpected tokens following preprocessor directive - expected a newline
C:\CatAngler\CatAngler\GameObject.h(19,8): warning C4244: '=': conversion from 'int' to 'float', possible loss of data
C:\CatAngler\CatAngler\GameObject.h(20,8): warning C4244: '=': conversion from 'int' to 'float', possible loss of data
  GameObject.cpp
C:\CatAngler\CatAngler\GameObject.h(19,8): warning C4244: '=': conversion from 'int' to 'float', possible loss of data
C:\CatAngler\CatAngler\GameObject.h(20,8): warning C4244: '=': conversion from 'int' to 'float', possible loss of data
  GameState.cpp
  Input.cpp
  Inventory.cpp
C:\CatAngler\CatAngler\Character.h(2,1): warning C4067: unexpected tokens following preprocessor directive - expected a newline
C:\CatAngler\CatAngler\GameObject.h(19,8): warning C4244: '=': conversion from 'int' to 'float', possible loss of data
C:\CatAngler\CatAngler\GameObject.h(20,8): warning C4244: '=': conversion from 'int' to 'float', possible loss of data
C:\CatAngler\CatAngler\Inventory.cpp(60,16): warning C4267: 'initializing': conversion from 'size_t' to 'int', possible loss of data
C:\CatAngler\CatAngler\Inventory.cpp(156,173): warning C4244: 'argument': conversion from 'float' to 'int', possible loss of data
C:\CatAngler\CatAngler\Inventory.cpp(156,152): warning C4244: 'argument': conversion from 'float' to 'int', possible loss of data
  Item.cpp
C:\CatAngler\CatAngler\Character.h(2,1): warning C4067: unexpected tokens following preprocessor directive - expected a newline
C:\CatAngler\CatAngler\GameObject.h(19,8): warning C4244: '=': conversion from 'int' to 'float', possible loss of data
C:\CatAngler\CatAngler\GameObject.h(20,8): warning C4244: '=': conversion from 'int' to 'float', possible loss of data
  LootTable.cpp
C:\CatAngler\CatAngler\Character.h(2,1): warning C4067: unexpected tokens following preprocessor directive - expected a newline
C:\CatAngler\CatAngler\GameObject.h(19,8): warning C4244: '=': conversion from 'int' to 'float', possible loss of data
C:\CatAngler\CatAngler\GameObject.h(20,8): warning C4244: '=': conversion from 'int' to 'float', possible loss of data
C:\CatAngler\CatAngler\LootTable.cpp(22,15): warning C4244: 'argument': conversion from 'time_t' to 'unsigned int', possible loss of data
  main.cpp
  Menu.cpp
C:\CatAngler\CatAngler\Menu.cpp(40,67): warning C4244: 'argument': conversion from 'float' to 'int', possible loss of data
C:\CatAngler\CatAngler\Menu.cpp(40,54): warning C4244: 'argument': conversion from 'float' to 'int', possible loss of data
C:\CatAngler\CatAngler\Menu.cpp(41,67): warning C4244: 'argument': conversion from 'float' to 'int', possible loss of data
C:\CatAngler\CatAngler\Menu.cpp(41,54): warning C4244: 'argument': conversion from 'float' to 'int', possible loss of data
C:\CatAngler\CatAngler\Menu.cpp(42,67): warning C4244: 'argument': conversion from 'float' to 'int', possible loss of data
C:\CatAngler\CatAngler\Menu.cpp(42,54): warning C4244: 'argument': conversion from 'float' to 'int', possible loss of data
C:\CatAngler\CatAngler\Menu.cpp(44,70): warning C4244: 'argument': conversion from 'float' to 'int', possible loss of data
C:\CatAngler\CatAngler\Menu.cpp(44,57): warning C4244: 'argument': conversion from 'float' to 'int', possible loss of data
C:\CatAngler\CatAngler\Menu.cpp(45,73): warning C4244: 'argument': conversion from 'float' to 'int', possible loss of data
C:\CatAngler\CatAngler\Menu.cpp(45,60): warning C4244: 'argument': conversion from 'float' to 'int', possible loss of data
C:\CatAngler\CatAngler\Menu.cpp(46,69): warning C4244: 'argument': conversion from 'float' to 'int', possible loss of data
C:\CatAngler\CatAngler\Menu.cpp(46,56): warning C4244: 'argument': conversion from 'float' to 'int', possible loss of data
C:\CatAngler\CatAngler\Menu.cpp(58,71): warning C4244: 'argument': conversion from 'float' to 'int', possible loss of data
C:\CatAngler\CatAngler\Menu.cpp(58,58): warning C4244: 'argument': conversion from 'float' to 'int', possible loss of data
C:\CatAngler\CatAngler\Menu.cpp(61,71): warning C4244: 'argument': conversion from 'float' to 'int', possible loss of data
C:\CatAngler\CatAngler\Menu.cpp(61,58): warning C4244: 'argument': conversion from 'float' to 'int', possible loss of data
C:\CatAngler\CatAngler\Menu.cpp(64,71): warning C4244: 'argument': conversion from 'float' to 'int', possible loss of data
C:\CatAngler\CatAngler\Menu.cpp(64,58): warning C4244: 'argument': conversion from 'float' to 'int', possible loss of data
  Play.cpp
C:\CatAngler\CatAngler\Character.h(2,1): warning C4067: unexpected tokens following preprocessor directive - expected a newline
C:\CatAngler\CatAngler\GameObject.h(19,8): warning C4244: '=': conversion from 'int' to 'float', possible loss of data
C:\CatAngler\CatAngler\GameObject.h(20,8): warning C4244: '=': conversion from 'int' to 'float', possible loss of data
C:\CatAngler\CatAngler\Cat.h(1,1): warning C4067: unexpected tokens following preprocessor directive - expected a newline
C:\CatAngler\CatAngler\Cat.h(10,1): warning C4005: 'SPEED': macro redefinition
C:\CatAngler\CatAngler\Enemy.h(10,1): message : see previous definition of 'SPEED'
C:\CatAngler\CatAngler\Play.cpp(87,26): warning C4244: 'argument': conversion from 'float' to 'int', possible loss of data
C:\CatAngler\CatAngler\Play.cpp(87,19): warning C4244: 'argument': conversion from 'float' to 'int', possible loss of data
C:\CatAngler\CatAngler\Play.cpp(124,70): warning C4244: 'argument': conversion from 'float' to 'int', possible loss of data
C:\CatAngler\CatAngler\Play.cpp(124,60): warning C4244: 'argument': conversion from 'float' to 'int', possible loss of data
C:\CatAngler\CatAngler\Play.cpp(126,65): warning C4244: 'argument': conversion from 'float' to 'int', possible loss of data
C:\CatAngler\CatAngler\Play.cpp(126,52): warning C4244: 'argument': conversion from 'float' to 'int', possible loss of data
C:\CatAngler\CatAngler\Play.cpp(127,65): warning C4244: 'argument': conversion from 'float' to 'int', possible loss of data
C:\CatAngler\CatAngler\Play.cpp(127,52): warning C4244: 'argument': conversion from 'float' to 'int', possible loss of data
C:\CatAngler\CatAngler\Play.cpp(128,65): warning C4244: 'argument': conversion from 'float' to 'int', possible loss of data
C:\CatAngler\CatAngler\Play.cpp(128,52): warning C4244: 'argument': conversion from 'float' to 'int', possible loss of data
C:\CatAngler\CatAngler\Play.cpp(130,69): warning C4244: 'argument': conversion from 'float' to 'int', possible loss of data
C:\CatAngler\CatAngler\Play.cpp(130,56): warning C4244: 'argument': conversion from 'float' to 'int', possible loss of data
C:\CatAngler\CatAngler\Play.cpp(131,71): warning C4244: 'argument': conversion from 'float' to 'int', possible loss of data
C:\CatAngler\CatAngler\Play.cpp(131,58): warning C4244: 'argument': conversion from 'float' to 'int', possible loss of data
C:\CatAngler\CatAngler\Play.cpp(132,69): warning C4244: 'argument': conversion from 'float' to 'int', possible loss of data
C:\CatAngler\CatAngler\Play.cpp(132,56): warning C4244: 'argument': conversion from 'float' to 'int', possible loss of data
C:\CatAngler\CatAngler\Play.cpp(142,53): warning C4244: 'argument': conversion from 'float' to 'int', possible loss of data
C:\CatAngler\CatAngler\Play.cpp(142,40): warning C4244: 'argument': conversion from 'float' to 'int', possible loss of data
C:\CatAngler\CatAngler\Play.cpp(147,53): warning C4244: 'argument': conversion from 'float' to 'int', possible loss of data
C:\CatAngler\CatAngler\Play.cpp(147,40): warning C4244: 'argument': conversion from 'float' to 'int', possible loss of data
  Compiling...
  Point.cpp
  RigidBody.cpp
  SaveManager.cpp
C:\CatAngler\CatAngler\Character.h(2,1): warning C4067: unexpected tokens following preprocessor directive - expected a newline
C:\CatAngler\CatAngler\GameObject.h(19,8): warning C4244: '=': conversion from 'int' to 'float', possible loss of data
C:\CatAngler\CatAngler\GameObject.h(20,8): warning C4244: '=': conversion from 'int' to 'float', possible loss of data
  Shop.cpp
C:\CatAngler\CatAngler\Character.h(2,1): warning C4067: unexpected tokens following preprocessor directive - expected a newline
C:\CatAngler\CatAngler\GameObject.h(19,8): warning C4244: '=': conversion from 'int' to 'float', possible loss of data
C:\CatAngler\CatAngler\GameObject.h(20,8): warning C4244: '=': conversion from 'int' to 'float', possible loss of data
C:\CatAngler\CatAngler\Shop.cpp(112,80): warning C4244: '+=': conversion from 'double' to 'int', possible loss of data
  Sword.cpp
C:\CatAngler\CatAngler\Character.h(2,1): warning C4067: unexpected tokens following preprocessor directive - expected a newline
C:\CatAngler\CatAngler\GameObject.h(19,8): warning C4244: '=': conversion from 'int' to 'float', possible loss of data
C:\CatAngler\CatAngler\GameObject.h(20,8): warning C4244: '=': conversion from 'int' to 'float', possible loss of data
C:\CatAngler\CatAngler\Sword.cpp(62,25): warning C4244: 'argument': conversion from 'int' to 'float', possible loss of data
C:\CatAngler\CatAngler\Sword.cpp(62,20): warning C4244: 'argument': conversion from 'int' to 'float', possible loss of data
  TextManager.cpp
C:\CatAngler\CatAngler\TextManager.cpp(59,31): warning C4838: conversion from 'float' to 'int' requires a narrowing conversion
C:\CatAngler\CatAngler\TextManager.cpp(59,31): warning C4244: 'initializing': conversion from 'float' to 'int', possible loss of data
C:\CatAngler\CatAngler\TextManager.cpp(59,42): warning C4838: conversion from 'float' to 'int' requires a narrowing conversion
C:\CatAngler\CatAngler\TextManager.cpp(59,42): warning C4244: 'initializing': conversion from 'float' to 'int', possible loss of data
  TextureManager.cpp
C:\CatAngler\CatAngler\TextureManager.cpp(60,25): warning C4838: conversion from 'float' to 'int' requires a narrowing conversion
C:\CatAngler\CatAngler\TextureManager.cpp(60,25): warning C4244: 'initializing': conversion from 'float' to 'int', possible loss of data
C:\CatAngler\CatAngler\TextureManager.cpp(60,36): warning C4838: conversion from 'float' to 'int' requires a narrowing conversion
C:\CatAngler\CatAngler\TextureManager.cpp(60,36): warning C4244: 'initializing': conversion from 'float' to 'int', possible loss of data
C:\CatAngler\CatAngler\TextureManager.cpp(60,51): warning C4838: conversion from 'float' to 'int' requires a narrowing conversion
C:\CatAngler\CatAngler\TextureManager.cpp(60,51): warning C4244: 'initializing': conversion from 'float' to 'int', possible loss of data
C:\CatAngler\CatAngler\TextureManager.cpp(60,63): warning C4838: conversion from 'float' to 'int' requires a narrowing conversion
C:\CatAngler\CatAngler\TextureManager.cpp(60,63): warning C4244: 'initializing': conversion from 'float' to 'int', possible loss of data
C:\CatAngler\CatAngler\TextureManager.cpp(67,25): warning C4838: conversion from 'float' to 'int' requires a narrowing conversion
C:\CatAngler\CatAngler\TextureManager.cpp(67,25): warning C4244: 'initializing': conversion from 'float' to 'int', possible loss of data
C:\CatAngler\CatAngler\TextureManager.cpp(67,36): warning C4838: conversion from 'float' to 'int' requires a narrowing conversion
C:\CatAngler\CatAngler\TextureManager.cpp(67,36): warning C4244: 'initializing': conversion from 'float' to 'int', possible loss of data
C:\CatAngler\CatAngler\TextureManager.cpp(77,25): warning C4838: conversion from 'float' to 'int' requires a narrowing conversion
C:\CatAngler\CatAngler\TextureManager.cpp(77,25): warning C4244: 'initializing': conversion from 'float' to 'int', possible loss of data
C:\CatAngler\CatAngler\TextureManager.cpp(77,36): warning C4838: conversion from 'float' to 'int' requires a narrowing conversion
C:\CatAngler\CatAngler\TextureManager.cpp(77,36): warning C4244: 'initializing': conversion from 'float' to 'int', possible loss of data
  Tile.cpp
  Timer.cpp
C:\CatAngler\CatAngler\Timer.cpp(13,27): warning C4244: '=': conversion from 'Uint32' to 'float', possible loss of data
  Transform.cpp
  Vector2D.cpp
  Generating code
  Previous IPDB not found, fall back to full compilation.
C:\CatAngler\CatAngler\tileson.hpp(1799): warning C4723: potential divide by 0
  All 5466 functions were compiled because no usable IPDB/IOBJ from previous compilation was found.
  Finished generating code
  CatAngler.vcxproj -> C:\CatAngler\x64\Release\CatAngler.exe
