c:\catangler\catangler\x64\debug\vc143.pdb
c:\catangler\catangler\x64\debug\vc143.idb
c:\catangler\catangler\x64\debug\vector2d.obj
c:\catangler\catangler\x64\debug\transform.obj
c:\catangler\catangler\x64\debug\timer.obj
c:\catangler\catangler\x64\debug\texturemanager.obj
c:\catangler\catangler\x64\debug\source.obj
c:\catangler\catangler\x64\debug\rigidbody.obj
c:\catangler\catangler\x64\debug\main.obj
c:\catangler\catangler\x64\debug\iobject.obj
c:\catangler\catangler\x64\debug\input.obj
c:\catangler\catangler\x64\debug\gameobject.obj
c:\catangler\catangler\x64\debug\engine.obj
c:\catangler\catangler\x64\debug\character.obj
c:\catangler\catangler\x64\debug\cat.obj
c:\catangler\catangler\x64\debug\animation.obj
c:\catangler\catangler\x64\debug\layer.obj
c:\catangler\catangler\x64\debug\tile.obj
c:\catangler\catangler\x64\debug\point.obj
c:\catangler\catangler\x64\debug\camera.obj
c:\catangler\catangler\x64\debug\collider.obj
c:\catangler\catangler\x64\debug\collisionhandler.obj
c:\catangler\x64\debug\catangler.exe
c:\catangler\catangler\x64\debug\catangler.ilk
c:\catangler\x64\debug\catangler.pdb
c:\catangler\catangler\x64\debug\gamemap.obj
c:\catangler\catangler\x64\debug\mapparser.obj
c:\catangler\catangler\x64\debug\tilelayer.obj
c:\catangler\catangler\x64\debug\tinystr.obj
c:\catangler\catangler\x64\debug\tinyxml.obj
c:\catangler\catangler\x64\debug\tinyxmlerror.obj
c:\catangler\catangler\x64\debug\tinyxmlparser.obj
c:\catangler\catangler\x64\debug\cat.obj.enc
c:\catangler\catangler\x64\debug\input.obj.enc
c:\catangler\catangler\x64\debug\mapparser.obj.enc
c:\catangler\catangler\x64\debug\catangler.tlog\cl.command.1.tlog
c:\catangler\catangler\x64\debug\catangler.tlog\cl.items.tlog
c:\catangler\catangler\x64\debug\catangler.tlog\cl.read.1.tlog
c:\catangler\catangler\x64\debug\catangler.tlog\cl.write.1.tlog
c:\catangler\catangler\x64\debug\catangler.tlog\link.command.1.tlog
c:\catangler\catangler\x64\debug\catangler.tlog\link.read.1.tlog
c:\catangler\catangler\x64\debug\catangler.tlog\link.write.1.tlog
