  CollisionHandler.cpp
  Enemy.cpp
C:\CatAngler\CatAngler\Character.h(2,1): warning C4067: unexpected tokens following preprocessor directive - expected a newline
  (compiling source file 'Enemy.cpp')
  
C:\CatAngler\CatAngler\GameObject.h(19,8): warning C4244: '=': conversion from 'int' to 'float', possible loss of data
  (compiling source file 'Enemy.cpp')
  
C:\CatAngler\CatAngler\GameObject.h(20,8): warning C4244: '=': conversion from 'int' to 'float', possible loss of data
  (compiling source file 'Enemy.cpp')
  
C:\CatAngler\CatAngler\Enemy.cpp(24,74): warning C4244: 'argument': conversion from 'float' to 'int', possible loss of data
C:\CatAngler\CatAngler\Enemy.cpp(24,58): warning C4244: 'argument': conversion from 'float' to 'int', possible loss of data
C:\CatAngler\CatAngler\Enemy.cpp(67,46): warning C4244: 'argument': conversion from 'float' to 'int', possible loss of data
C:\CatAngler\CatAngler\Enemy.cpp(67,30): warning C4244: 'argument': conversion from 'float' to 'int', possible loss of data
C:\CatAngler\CatAngler\Enemy.cpp(72,46): warning C4244: 'argument': conversion from 'float' to 'int', possible loss of data
C:\CatAngler\CatAngler\Enemy.cpp(72,30): warning C4244: 'argument': conversion from 'float' to 'int', possible loss of data
C:\CatAngler\CatAngler\Enemy.cpp(78,45): warning C4244: 'argument': conversion from 'float' to 'int', possible loss of data
C:\CatAngler\CatAngler\Enemy.cpp(78,29): warning C4244: 'argument': conversion from 'float' to 'int', possible loss of data
  FishingManager.cpp
C:\CatAngler\CatAngler\Character.h(2,1): warning C4067: unexpected tokens following preprocessor directive - expected a newline
  (compiling source file 'FishingManager.cpp')
  
C:\CatAngler\CatAngler\GameObject.h(19,8): warning C4244: '=': conversion from 'int' to 'float', possible loss of data
  (compiling source file 'FishingManager.cpp')
  
C:\CatAngler\CatAngler\GameObject.h(20,8): warning C4244: '=': conversion from 'int' to 'float', possible loss of data
  (compiling source file 'FishingManager.cpp')
  
C:\CatAngler\CatAngler\FishingManager.cpp(22,15): warning C4244: 'argument': conversion from 'time_t' to 'unsigned int', possible loss of data
C:\CatAngler\CatAngler\FishingManager.cpp(67,28): warning C4553: '==': result of expression not used; did you intend '='?
  Generating Code...
  CatAngler.vcxproj -> C:\CatAngler\x64\Debug\CatAngler.exe
